[04/Nov/2025 19:29:15] "HEAD /0-5_Development_ProjectGrid/action/PROJECT_GRID/viewer/deploy/tasks/P1BA1.md HTTP/1.1" 200 -
[04/Nov/2025 19:29:18] "GET /0-5_Development_ProjectGrid/action/PROJECT_GRID/viewer/deploy/tasks/P1BA1.md HTTP/1.1" 200 -
[04/Nov/2025 19:29:27] "HEAD /4_Database/supabase/seed/P1D3_seed.sql HTTP/1.1" 200 -
[04/Nov/2025 19:29:31] "GET /4_Database/supabase/seed/P1D3_seed.sql HTTP/1.1" 200 -
[04/Nov/2025 19:33:09] "HEAD /0-5_Development_ProjectGrid/action/PROJECT_GRID/viewer/deploy/tasks/P1BA1.md HTTP/1.1" 200 -
[04/Nov/2025 19:33:09] "HEAD /4_Database/supabase/seed/P1D3_seed.sql HTTP/1.1" 200 -
[04/Nov/2025 19:39:34] code 404, message File not found
[04/Nov/2025 19:39:34] "GET /favicon.ico HTTP/1.1" 404 -
[04/Nov/2025 19:44:28] "GET /0-5_Development_ProjectGrid/action/PROJECT_GRID/viewer/deploy/tasks/P1O1.md HTTP/1.1" 200 -
----------------------------------------
Exception occurred during processing of request from ('127.0.0.1', 50153)
Traceback (most recent call last):
  File "C:\Python313\Lib\socketserver.py", line 318, in _handle_request_noblock
    self.process_request(request, client_address)
    ~~~~~~~~~~~~~~~~~~~~^^^^^^^^^^^^^^^^^^^^^^^^^
  File "C:\Python313\Lib\socketserver.py", line 349, in process_request
    self.finish_request(request, client_address)
    ~~~~~~~~~~~~~~~~~~~^^^^^^^^^^^^^^^^^^^^^^^^^
  File "C:\Python313\Lib\socketserver.py", line 362, in finish_request
    self.RequestHandlerClass(request, client_address, self)
    ~~~~~~~~~~~~~~~~~~~~~~~~^^^^^^^^^^^^^^^^^^^^^^^^^^^^^^^
  File "C:\Python313\Lib\http\server.py", line 672, in __init__
    super().__init__(*args, **kwargs)
    ~~~~~~~~~~~~~~~~^^^^^^^^^^^^^^^^^
  File "C:\Python313\Lib\socketserver.py", line 766, in __init__
    self.handle()
    ~~~~~~~~~~~^^
  File "C:\Python313\Lib\http\server.py", line 436, in handle
    self.handle_one_request()
    ~~~~~~~~~~~~~~~~~~~~~~~^^
  File "C:\Python313\Lib\http\server.py", line 424, in handle_one_request
    method()
    ~~~~~~^^
  File "C:\Python313\Lib\http\server.py", line 679, in do_GET
    self.copyfile(f, self.wfile)
    ~~~~~~~~~~~~~^^^^^^^^^^^^^^^
  File "C:\Python313\Lib\http\server.py", line 881, in copyfile
    shutil.copyfileobj(source, outputfile)
    ~~~~~~~~~~~~~~~~~~^^^^^^^^^^^^^^^^^^^^
  File "C:\Python313\Lib\shutil.py", line 204, in copyfileobj
    fdst_write(buf)
    ~~~~~~~~~~^^^^^
  File "C:\Python313\Lib\socketserver.py", line 845, in write
    self._sock.sendall(b)
    ~~~~~~~~~~~~~~~~~~^^^
ConnectionAbortedError: [WinError 10053] 현재 연결은 사용자의 호스트 시스템의 소프트웨어의 의해 중단되었습니다
----------------------------------------
[04/Nov/2025 19:48:43] "GET /0-5_Development_ProjectGrid/action/PROJECT_GRID/viewer/deploy/tasks/P1O1.md HTTP/1.1" 200 -
[04/Nov/2025 19:48:43] code 404, message File not found
[04/Nov/2025 19:48:43] "GET /favicon.ico HTTP/1.1" 404 -
[04/Nov/2025 19:49:14] code 404, message File not found
[04/Nov/2025 19:49:14] "GET /favicon.ico HTTP/1.1" 404 -
[04/Nov/2025 21:35:16] "GET /0-5_Development_ProjectGrid/action/PROJECT_GRID/viewer/deploy/tasks/P1BA2.md HTTP/1.1" 200 -
[04/Nov/2025 21:35:23] "GET /3_Backend_APIs/auth/P1BA2_login.ts HTTP/1.1" 200 -
[04/Nov/2025 21:35:29] "GET /1_Frontend/src/app/api/auth/login/route.ts HTTP/1.1" 200 -
[04/Nov/2025 21:54:54] "GET /0-5_Development_ProjectGrid/action/PROJECT_GRID/viewer/deploy/tasks/P1BA2.md HTTP/1.1" 200 -
[04/Nov/2025 22:02:41] "HEAD /0-5_Development_ProjectGrid/action/PROJECT_GRID/grid/file_mapping.json HTTP/1.1" 200 -
[04/Nov/2025 22:02:45] "HEAD /0-5_Development_ProjectGrid/action/PROJECT_GRID/grid/file_mapping.json HTTP/1.1" 200 -
[04/Nov/2025 22:02:51] "HEAD /0-5_Development_ProjectGrid/action/PROJECT_GRID/grid/file_mapping.json HTTP/1.1" 200 -
[04/Nov/2025 22:02:55] "HEAD /0-5_Development_ProjectGrid/action/PROJECT_GRID/grid/file_mapping.json HTTP/1.1" 200 -
[04/Nov/2025 22:03:01] "HEAD /0-5_Development_ProjectGrid/action/PROJECT_GRID/grid/file_mapping.json HTTP/1.1" 200 -
[04/Nov/2025 22:03:05] "HEAD /0-5_Development_ProjectGrid/action/PROJECT_GRID/grid/file_mapping.json HTTP/1.1" 200 -
[04/Nov/2025 22:03:07] "HEAD /0-5_Development_ProjectGrid/action/PROJECT_GRID/grid/file_mapping.json HTTP/1.1" 200 -
[04/Nov/2025 22:03:07] "HEAD /0-5_Development_ProjectGrid/action/PROJECT_GRID/grid/file_mapping.json HTTP/1.1" 200 -
[04/Nov/2025 22:03:10] "HEAD /0-5_Development_ProjectGrid/action/PROJECT_GRID/grid/file_mapping.json HTTP/1.1" 200 -
[04/Nov/2025 22:03:15] "HEAD /0-5_Development_ProjectGrid/action/PROJECT_GRID/grid/file_mapping.json HTTP/1.1" 200 -
[04/Nov/2025 22:03:20] "HEAD /0-5_Development_ProjectGrid/action/PROJECT_GRID/grid/file_mapping.json HTTP/1.1" 200 -
[04/Nov/2025 22:03:21] "HEAD /0-5_Development_ProjectGrid/action/PROJECT_GRID/grid/file_mapping.json HTTP/1.1" 200 -
[04/Nov/2025 22:03:25] "HEAD /0-5_Development_ProjectGrid/action/PROJECT_GRID/grid/file_mapping.json HTTP/1.1" 200 -
[04/Nov/2025 22:03:30] "HEAD /0-5_Development_ProjectGrid/action/PROJECT_GRID/grid/file_mapping.json HTTP/1.1" 200 -
[04/Nov/2025 22:03:31] "HEAD /0-5_Development_ProjectGrid/action/PROJECT_GRID/grid/file_mapping.json HTTP/1.1" 200 -
[04/Nov/2025 22:03:36] "HEAD /0-5_Development_ProjectGrid/action/PROJECT_GRID/grid/file_mapping.json HTTP/1.1" 200 -
[04/Nov/2025 22:03:41] "HEAD /0-5_Development_ProjectGrid/action/PROJECT_GRID/grid/file_mapping.json HTTP/1.1" 200 -
[04/Nov/2025 22:03:46] "HEAD /0-5_Development_ProjectGrid/action/PROJECT_GRID/grid/file_mapping.json HTTP/1.1" 200 -
[04/Nov/2025 22:03:51] "HEAD /0-5_Development_ProjectGrid/action/PROJECT_GRID/grid/file_mapping.json HTTP/1.1" 200 -
[04/Nov/2025 22:03:51] "GET /0-5_Development_ProjectGrid/action/PROJECT_GRID/viewer/deploy/tasks/P4O1.md HTTP/1.1" 200 -
[04/Nov/2025 22:04:22] "GET /4_Database/supabase/seed/P1D3_seed.sql HTTP/1.1" 200 -
[04/Nov/2025 22:04:41] "GET /1_Frontend/src/middleware.ts HTTP/1.1" 200 -
[04/Nov/2025 22:04:41] "HEAD /0-5_Development_ProjectGrid/action/PROJECT_GRID/grid/file_mapping.json HTTP/1.1" 200 -
[04/Nov/2025 22:04:41] "HEAD /0-5_Development_ProjectGrid/action/PROJECT_GRID/grid/file_mapping.json HTTP/1.1" 200 -
[04/Nov/2025 22:04:41] "HEAD /0-5_Development_ProjectGrid/action/PROJECT_GRID/grid/file_mapping.json HTTP/1.1" 200 -
[04/Nov/2025 22:04:41] "HEAD /0-5_Development_ProjectGrid/action/PROJECT_GRID/grid/file_mapping.json HTTP/1.1" 200 -
[04/Nov/2025 22:04:41] "HEAD /0-5_Development_ProjectGrid/action/PROJECT_GRID/grid/file_mapping.json HTTP/1.1" 200 -
[04/Nov/2025 22:04:47] "GET /2_Backend_Infrastructure/supabase/migrations/002_auth_triggers.sql HTTP/1.1" 200 -
[04/Nov/2025 22:04:47] "HEAD /0-5_Development_ProjectGrid/action/PROJECT_GRID/grid/file_mapping.json HTTP/1.1" 200 -
[04/Nov/2025 22:04:47] "HEAD /0-5_Development_ProjectGrid/action/PROJECT_GRID/grid/file_mapping.json HTTP/1.1" 200 -
[04/Nov/2025 22:05:51] "HEAD /0-5_Development_ProjectGrid/action/PROJECT_GRID/grid/file_mapping.json HTTP/1.1" 200 -
[04/Nov/2025 22:05:51] "HEAD /0-5_Development_ProjectGrid/action/PROJECT_GRID/grid/file_mapping.json HTTP/1.1" 200 -
[04/Nov/2025 22:05:51] "HEAD /0-5_Development_ProjectGrid/action/PROJECT_GRID/grid/file_mapping.json HTTP/1.1" 200 -
[04/Nov/2025 22:05:51] "HEAD /0-5_Development_ProjectGrid/action/PROJECT_GRID/grid/file_mapping.json HTTP/1.1" 200 -
[04/Nov/2025 22:05:51] "HEAD /0-5_Development_ProjectGrid/action/PROJECT_GRID/grid/file_mapping.json HTTP/1.1" 200 -
[04/Nov/2025 22:05:51] "HEAD /0-5_Development_ProjectGrid/action/PROJECT_GRID/grid/file_mapping.json HTTP/1.1" 200 -
[04/Nov/2025 22:05:56] "HEAD /0-5_Development_ProjectGrid/action/PROJECT_GRID/grid/file_mapping.json HTTP/1.1" 200 -
[04/Nov/2025 22:06:01] "HEAD /0-5_Development_ProjectGrid/action/PROJECT_GRID/grid/file_mapping.json HTTP/1.1" 200 -
[04/Nov/2025 22:06:06] "HEAD /0-5_Development_ProjectGrid/action/PROJECT_GRID/grid/file_mapping.json HTTP/1.1" 200 -
[04/Nov/2025 22:06:11] "HEAD /0-5_Development_ProjectGrid/action/PROJECT_GRID/grid/file_mapping.json HTTP/1.1" 200 -
[04/Nov/2025 22:06:16] "HEAD /0-5_Development_ProjectGrid/action/PROJECT_GRID/grid/file_mapping.json HTTP/1.1" 200 -
[04/Nov/2025 22:06:21] "HEAD /0-5_Development_ProjectGrid/action/PROJECT_GRID/grid/file_mapping.json HTTP/1.1" 200 -
[04/Nov/2025 22:06:26] "HEAD /0-5_Development_ProjectGrid/action/PROJECT_GRID/grid/file_mapping.json HTTP/1.1" 200 -
[04/Nov/2025 22:06:31] "HEAD /0-5_Development_ProjectGrid/action/PROJECT_GRID/grid/file_mapping.json HTTP/1.1" 200 -
[04/Nov/2025 22:06:36] "HEAD /0-5_Development_ProjectGrid/action/PROJECT_GRID/grid/file_mapping.json HTTP/1.1" 200 -
[04/Nov/2025 22:06:41] "HEAD /0-5_Development_ProjectGrid/action/PROJECT_GRID/grid/file_mapping.json HTTP/1.1" 200 -
[04/Nov/2025 22:06:46] "HEAD /0-5_Development_ProjectGrid/action/PROJECT_GRID/grid/file_mapping.json HTTP/1.1" 200 -
[04/Nov/2025 22:06:51] "HEAD /0-5_Development_ProjectGrid/action/PROJECT_GRID/grid/file_mapping.json HTTP/1.1" 200 -
[04/Nov/2025 22:06:56] "HEAD /0-5_Development_ProjectGrid/action/PROJECT_GRID/grid/file_mapping.json HTTP/1.1" 200 -
[04/Nov/2025 22:07:01] "HEAD /0-5_Development_ProjectGrid/action/PROJECT_GRID/grid/file_mapping.json HTTP/1.1" 200 -
[04/Nov/2025 22:07:06] "HEAD /0-5_Development_ProjectGrid/action/PROJECT_GRID/grid/file_mapping.json HTTP/1.1" 200 -
[04/Nov/2025 22:07:11] "HEAD /0-5_Development_ProjectGrid/action/PROJECT_GRID/grid/file_mapping.json HTTP/1.1" 200 -
[04/Nov/2025 22:07:16] "HEAD /0-5_Development_ProjectGrid/action/PROJECT_GRID/grid/file_mapping.json HTTP/1.1" 200 -
[04/Nov/2025 22:07:21] "HEAD /0-5_Development_ProjectGrid/action/PROJECT_GRID/grid/file_mapping.json HTTP/1.1" 200 -
[04/Nov/2025 22:07:23] "HEAD /0-5_Development_ProjectGrid/action/PROJECT_GRID/grid/file_mapping.json HTTP/1.1" 200 -
[04/Nov/2025 22:07:25] "HEAD /0-5_Development_ProjectGrid/action/PROJECT_GRID/grid/file_mapping.json HTTP/1.1" 200 -
[04/Nov/2025 22:07:30] "HEAD /0-5_Development_ProjectGrid/action/PROJECT_GRID/grid/file_mapping.json HTTP/1.1" 200 -
[04/Nov/2025 22:07:31] "HEAD /0-5_Development_ProjectGrid/action/PROJECT_GRID/grid/file_mapping.json HTTP/1.1" 200 -
[04/Nov/2025 22:07:35] "HEAD /0-5_Development_ProjectGrid/action/PROJECT_GRID/grid/file_mapping.json HTTP/1.1" 200 -
[04/Nov/2025 22:07:40] "HEAD /0-5_Development_ProjectGrid/action/PROJECT_GRID/grid/file_mapping.json HTTP/1.1" 200 -
[04/Nov/2025 22:07:45] "HEAD /0-5_Development_ProjectGrid/action/PROJECT_GRID/grid/file_mapping.json HTTP/1.1" 200 -
[04/Nov/2025 22:07:50] "HEAD /0-5_Development_ProjectGrid/action/PROJECT_GRID/grid/file_mapping.json HTTP/1.1" 200 -
[04/Nov/2025 22:07:55] "HEAD /0-5_Development_ProjectGrid/action/PROJECT_GRID/grid/file_mapping.json HTTP/1.1" 200 -
[04/Nov/2025 22:08:00] "HEAD /0-5_Development_ProjectGrid/action/PROJECT_GRID/grid/file_mapping.json HTTP/1.1" 200 -
[04/Nov/2025 22:08:05] "HEAD /0-5_Development_ProjectGrid/action/PROJECT_GRID/grid/file_mapping.json HTTP/1.1" 200 -
[04/Nov/2025 22:08:10] "HEAD /0-5_Development_ProjectGrid/action/PROJECT_GRID/grid/file_mapping.json HTTP/1.1" 200 -
[04/Nov/2025 22:08:15] "HEAD /0-5_Development_ProjectGrid/action/PROJECT_GRID/grid/file_mapping.json HTTP/1.1" 200 -
[04/Nov/2025 22:08:20] "HEAD /0-5_Development_ProjectGrid/action/PROJECT_GRID/grid/file_mapping.json HTTP/1.1" 200 -
[04/Nov/2025 22:08:25] "HEAD /0-5_Development_ProjectGrid/action/PROJECT_GRID/grid/file_mapping.json HTTP/1.1" 200 -
[04/Nov/2025 22:08:30] "HEAD /0-5_Development_ProjectGrid/action/PROJECT_GRID/grid/file_mapping.json HTTP/1.1" 200 -
[04/Nov/2025 22:08:35] "HEAD /0-5_Development_ProjectGrid/action/PROJECT_GRID/grid/file_mapping.json HTTP/1.1" 200 -
[04/Nov/2025 22:08:40] "HEAD /0-5_Development_ProjectGrid/action/PROJECT_GRID/grid/file_mapping.json HTTP/1.1" 200 -
[04/Nov/2025 22:08:45] "HEAD /0-5_Development_ProjectGrid/action/PROJECT_GRID/grid/file_mapping.json HTTP/1.1" 200 -
[04/Nov/2025 22:08:50] "HEAD /0-5_Development_ProjectGrid/action/PROJECT_GRID/grid/file_mapping.json HTTP/1.1" 200 -
[04/Nov/2025 22:08:55] "HEAD /0-5_Development_ProjectGrid/action/PROJECT_GRID/grid/file_mapping.json HTTP/1.1" 200 -
[04/Nov/2025 22:09:00] "HEAD /0-5_Development_ProjectGrid/action/PROJECT_GRID/grid/file_mapping.json HTTP/1.1" 200 -
[04/Nov/2025 22:09:05] "HEAD /0-5_Development_ProjectGrid/action/PROJECT_GRID/grid/file_mapping.json HTTP/1.1" 200 -
[04/Nov/2025 22:09:10] "HEAD /0-5_Development_ProjectGrid/action/PROJECT_GRID/grid/file_mapping.json HTTP/1.1" 200 -
[04/Nov/2025 22:09:15] "HEAD /0-5_Development_ProjectGrid/action/PROJECT_GRID/grid/file_mapping.json HTTP/1.1" 200 -
